<?xml version="1.0" encoding="UTF-8"?>
<testsuite name="tests.WorkingWithListsTest" tests="7" skipped="0" failures="0" errors="0" timestamp="2017-03-20T21:17:35" hostname="vagrant-ubuntu-trusty-64" time="0.011">
  <properties/>
  <testcase name="testGetMyListSubList" classname="tests.WorkingWithListsTest" time="0.001"/>
  <testcase name="testGetResultNewForLoop" classname="tests.WorkingWithListsTest" time="0.001"/>
  <testcase name="testGetMyListSize" classname="tests.WorkingWithListsTest" time="0.001"/>
  <testcase name="testRemoveFromMyListByIndex" classname="tests.WorkingWithListsTest" time="0.001"/>
  <testcase name="testRemoveFromMyListByObject" classname="tests.WorkingWithListsTest" time="0.0"/>
  <testcase name="testGetResultWithIterator" classname="tests.WorkingWithListsTest" time="0.001"/>
  <testcase name="testGetResultStandardForLoop" classname="tests.WorkingWithListsTest" time="0.0"/>
  <system-out><![CDATA[]]></system-out>
  <system-err><![CDATA[]]></system-err>
</testsuite>
